[    0.000000] Initializing cgroup subsys cpuset
[    0.000000] Initializing cgroup subsys cpu
[    0.000000] Initializing cgroup subsys cpuacct
[    0.000000] Linux version 4.4.0-176-generic (buildd@lgw01-amd64-035) (gcc version 5.4.0 20160609 (Ubuntu 5.4.0-6ubuntu1~16.04.12) ) #206-Ubuntu SMP Fri Feb 28 05:02:04 UTC 2020 (Ubuntu 4.4.0-176.206-generic 4.4.211)
[    0.000000] Command line: BOOT_IMAGE=/boot/vmlinuz-4.4.0-176-generic root=LABEL=cloudimg-rootfs ro console=tty1 console=ttyS0
[    0.000000] KERNEL supported cpus:
[    0.000000]   Intel GenuineIntel
[    0.000000]   AMD AuthenticAMD
[    0.000000]   Centaur CentaurHauls
[    0.000000] x86/fpu: xstate_offset[2]:  576, xstate_sizes[2]:  256
[    0.000000] x86/fpu: Supporting XSAVE feature 0x01: 'x87 floating point registers'
[    0.000000] x86/fpu: Supporting XSAVE feature 0x02: 'SSE registers'
[    0.000000] x86/fpu: Supporting XSAVE feature 0x04: 'AVX registers'
[    0.000000] x86/fpu: Enabled xstate features 0x7, context size is 832 bytes, using 'standard' format.
[    0.000000] e820: BIOS-provided physical RAM map:
[    0.000000] BIOS-e820: [mem 0x0000000000000000-0x000000000009fbff] usable
[    0.000000] BIOS-e820: [mem 0x000000000009fc00-0x000000000009ffff] reserved
[    0.000000] BIOS-e820: [mem 0x00000000000f0000-0x00000000000fffff] reserved
[    0.000000] BIOS-e820: [mem 0x0000000000100000-0x000000003ffeffff] usable
[    0.000000] BIOS-e820: [mem 0x000000003fff0000-0x000000003fffffff] ACPI data
[    0.000000] BIOS-e820: [mem 0x00000000fec00000-0x00000000fec00fff] reserved
[    0.000000] BIOS-e820: [mem 0x00000000fee00000-0x00000000fee00fff] reserved
[    0.000000] BIOS-e820: [mem 0x00000000fffc0000-0x00000000ffffffff] reserved
[    0.000000] NX (Execute Disable) protection: active
[    0.000000] SMBIOS 2.5 present.
[    0.000000] Hypervisor detected: KVM
[    0.000000] e820: last_pfn = 0x3fff0 max_arch_pfn = 0x400000000
[    0.000000] MTRR: Disabled
[    0.000000] x86/PAT: MTRRs disabled, skipping PAT initialization too.
[    0.000000] CPU MTRRs all blank - virtualized system.
[    0.000000] x86/PAT: Configuration [0-7]: WB  WT  UC- UC  WB  WT  UC- UC  
[    0.000000] found SMP MP-table at [mem 0x0009fff0-0x0009ffff] mapped at [ffff88000009fff0]
[    0.000000] Scanning 1 areas for low memory corruption
[    0.000000] RAMDISK: [mem 0x362e0000-0x37167fff]
[    0.000000] ACPI: Early table checksum verification disabled
[    0.000000] ACPI: RSDP 0x00000000000E0000 000024 (v02 VBOX  )
[    0.000000] ACPI: XSDT 0x000000003FFF0030 00003C (v01 VBOX   VBOXXSDT 00000001 ASL  00000061)
[    0.000000] ACPI: FACP 0x000000003FFF00F0 0000F4 (v04 VBOX   VBOXFACP 00000001 ASL  00000061)
[    0.000000] ACPI: DSDT 0x000000003FFF0470 002325 (v02 VBOX   VBOXBIOS 00000002 INTL 20100528)
[    0.000000] ACPI: FACS 0x000000003FFF0200 000040
[    0.000000] ACPI: FACS 0x000000003FFF0200 000040
[    0.000000] ACPI: APIC 0x000000003FFF0240 00005C (v02 VBOX   VBOXAPIC 00000001 ASL  00000061)
[    0.000000] ACPI: SSDT 0x000000003FFF02A0 0001CC (v01 VBOX   VBOXCPUT 00000002 INTL 20100528)
[    0.000000] No NUMA configuration found
[    0.000000] Faking a node at [mem 0x0000000000000000-0x000000003ffeffff]
[    0.000000] NODE_DATA(0) allocated [mem 0x3ffeb000-0x3ffeffff]
[    0.000000] kvm-clock: Using msrs 4b564d01 and 4b564d00
[    0.000000] kvm-clock: cpu 0, msr 0:3ffe3001, primary cpu clock
[    0.000000] kvm-clock: using sched offset of 7488158302 cycles
[    0.000000] clocksource: kvm-clock: mask: 0xffffffffffffffff max_cycles: 0x1cd42e4dffb, max_idle_ns: 881590591483 ns
[    0.000000] Zone ranges:
[    0.000000]   DMA      [mem 0x0000000000001000-0x0000000000ffffff]
[    0.000000]   DMA32    [mem 0x0000000001000000-0x000000003ffeffff]
[    0.000000]   Normal   empty
[    0.000000]   Device   empty
[    0.000000] Movable zone start for each node
[    0.000000] Early memory node ranges
[    0.000000]   node   0: [mem 0x0000000000001000-0x000000000009efff]
[    0.000000]   node   0: [mem 0x0000000000100000-0x000000003ffeffff]
[    0.000000] Initmem setup node 0 [mem 0x0000000000001000-0x000000003ffeffff]
[    0.000000] ACPI: PM-Timer IO Port: 0x4008
[    0.000000] IOAPIC[0]: apic_id 2, version 32, address 0xfec00000, GSI 0-23
[    0.000000] ACPI: INT_SRC_OVR (bus 0 bus_irq 0 global_irq 2 dfl dfl)
[    0.000000] ACPI: INT_SRC_OVR (bus 0 bus_irq 9 global_irq 9 low level)
[    0.000000] Using ACPI (MADT) for SMP configuration information
[    0.000000] smpboot: Allowing 2 CPUs, 0 hotplug CPUs
[    0.000000] PM: Registered nosave memory: [mem 0x00000000-0x00000fff]
[    0.000000] PM: Registered nosave memory: [mem 0x0009f000-0x0009ffff]
[    0.000000] PM: Registered nosave memory: [mem 0x000a0000-0x000effff]
[    0.000000] PM: Registered nosave memory: [mem 0x000f0000-0x000fffff]
[    0.000000] e820: [mem 0x40000000-0xfebfffff] available for PCI devices
[    0.000000] Booting paravirtualized kernel on KVM
[    0.000000] clocksource: refined-jiffies: mask: 0xffffffff max_cycles: 0xffffffff, max_idle_ns: 7645519600211568 ns
[    0.000000] setup_percpu: NR_CPUS:512 nr_cpumask_bits:512 nr_cpu_ids:2 nr_node_ids:1
[    0.000000] PERCPU: Embedded 33 pages/cpu @ffff88003fc00000 s95448 r8192 d31528 u1048576
[    0.000000] Built 1 zonelists in Node order, mobility grouping on.  Total pages: 257912
[    0.000000] Policy zone: DMA32
[    0.000000] Kernel command line: BOOT_IMAGE=/boot/vmlinuz-4.4.0-176-generic root=LABEL=cloudimg-rootfs ro console=tty1 console=ttyS0
[    0.000000] PID hash table entries: 4096 (order: 3, 32768 bytes)
[    0.000000] Memory: 997672K/1048120K available (8626K kernel code, 1336K rwdata, 4032K rodata, 1488K init, 1292K bss, 50448K reserved, 0K cma-reserved)
[    0.000000] SLUB: HWalign=64, Order=0-3, MinObjects=0, CPUs=2, Nodes=1
[    0.000000] Kernel/User page tables isolation: enabled
[    0.000000] Hierarchical RCU implementation.
[    0.000000] 	Build-time adjustment of leaf fanout to 64.
[    0.000000] 	RCU restricting CPUs from NR_CPUS=512 to nr_cpu_ids=2.
[    0.000000] RCU: Adjusting geometry for rcu_fanout_leaf=64, nr_cpu_ids=2
[    0.000000] NR_IRQS:33024 nr_irqs:440 16
[    0.000000] Console: colour VGA+ 80x25
[    0.000000] console [tty1] enabled
[    0.000000] console [ttyS0] enabled
[    0.000000] tsc: Detected 1599.999 MHz processor
[    0.258806] Calibrating delay loop (skipped) preset value.. 3199.99 BogoMIPS (lpj=6399996)
[    0.261623] pid_max: default: 32768 minimum: 301
[    0.263090] ACPI: Core revision 20150930
[    0.265365] ACPI: 2 ACPI AML tables successfully acquired and loaded
[    0.267316] Security Framework initialized
[    0.268565] Yama: becoming mindful.
[    0.269729] AppArmor: AppArmor initialized
[    0.271146] Dentry cache hash table entries: 131072 (order: 8, 1048576 bytes)
[    0.274905] Inode-cache hash table entries: 65536 (order: 7, 524288 bytes)
[    0.276956] Mount-cache hash table entries: 2048 (order: 2, 16384 bytes)
[    0.278831] Mountpoint-cache hash table entries: 2048 (order: 2, 16384 bytes)
[    0.281356] Initializing cgroup subsys io
[    0.282907] Initializing cgroup subsys memory
[    0.284567] Initializing cgroup subsys devices
[    0.285988] Initializing cgroup subsys freezer
[    0.287323] Initializing cgroup subsys net_cls
[    0.288654] Initializing cgroup subsys perf_event
[    0.290423] Initializing cgroup subsys net_prio
[    0.291892] Initializing cgroup subsys hugetlb
[    0.293276] Initializing cgroup subsys pids
[    0.295629] mce: CPU supports 0 MCE banks
[    0.296900] Last level iTLB entries: 4KB 64, 2MB 8, 4MB 8
[    0.298521] Last level dTLB entries: 4KB 64, 2MB 0, 4MB 0, 1GB 4
[    0.300784] Spectre V1 : Mitigation: usercopy/swapgs barriers and __user pointer sanitization
[    0.303392] Spectre V2 : Mitigation: Full generic retpoline
[    0.304983] Spectre V2 : Spectre v2 / SpectreRSB mitigation: Filling RSB on context switch
[    0.307513] Speculative Store Bypass: Vulnerable
[    0.308973] MDS: Mitigation: Clear CPU buffers
[    0.313965] Freeing SMP alternatives memory: 36K
[    0.324134] ftrace: allocating 32305 entries in 127 pages
[    0.398585] smpboot: APIC(0) Converting physical 0 to logical package 0
[    0.400932] smpboot: Max logical packages: 1
[    0.403063] x2apic enabled
[    0.404298] Switched APIC routing to physical x2apic.
[    0.407363] ..TIMER: vector=0x30 apic1=0 pin1=2 apic2=-1 pin2=-1
[    0.517477] smpboot: CPU0: Intel(R) Core(TM) i5-5250U CPU @ 1.60GHz (family: 0x6, model: 0x3d, stepping: 0x4)
[    0.521150] Performance Events: unsupported p6 CPU model 61 no PMU driver, software events only.
[    0.537166] KVM setup paravirtual spinlock
[    0.539938] x86: Booting SMP configuration:
[    0.542130] .... node  #0, CPUs:      #1
[    0.544079] kvm-clock: cpu 1, msr 0:3ffe3041, secondary cpu clock
[    0.546831] mce: CPU supports 0 MCE banks
[    0.551140] x86: Booted up 1 node, 2 CPUs
[    0.552858] smpboot: Total of 2 processors activated (6399.99 BogoMIPS)
[    0.555705] devtmpfs: initialized
[    0.558457] evm: security.selinux
[    0.559622] evm: security.SMACK64
[    0.561329] evm: security.SMACK64EXEC
[    0.562568] evm: security.SMACK64TRANSMUTE
[    0.564086] evm: security.SMACK64MMAP
[    0.565360] evm: security.ima
[    0.566695] evm: security.capability
[    0.568438] clocksource: jiffies: mask: 0xffffffff max_cycles: 0xffffffff, max_idle_ns: 7645041785100000 ns
[    0.571672] futex hash table entries: 512 (order: 3, 32768 bytes)
[    0.573829] pinctrl core: initialized pinctrl subsystem
[    0.575481] RTC time: 15:18:00, date: 03/29/20
[    0.577061] NET: Registered protocol family 16
[    0.589980] cpuidle: using governor ladder
[    0.601968] cpuidle: using governor menu
[    0.603591] PCCT header not found.
[    0.605063] ACPI: bus type PCI registered
[    0.606455] acpiphp: ACPI Hot Plug PCI Controller Driver version: 0.5
[    0.608680] PCI: Using configuration type 1 for base access
[    0.623437] ACPI: Added _OSI(Module Device)
[    0.625101] ACPI: Added _OSI(Processor Device)
[    0.626919] ACPI: Added _OSI(3.0 _SCP Extensions)
[    0.628572] ACPI: Added _OSI(Processor Aggregator Device)
[    0.632085] ACPI: Executed 1 blocks of module-level executable AML code
[    0.636829] ACPI: Interpreter enabled
[    0.638008] ACPI: (supports S0 S5)
[    0.639121] ACPI: Using IOAPIC for interrupt routing
[    0.641070] PCI: Using host bridge windows from ACPI; if necessary, use "pci=nocrs" and report a bug
[    0.649439] ACPI: PCI Root Bridge [PCI0] (domain 0000 [bus 00-ff])
[    0.651845] acpi PNP0A03:00: _OSC: OS supports [ASPM ClockPM Segments MSI]
[    0.654462] acpi PNP0A03:00: _OSC: not requesting OS control; OS requires [ExtendedConfig ASPM ClockPM MSI]
[    0.657933] acpi PNP0A03:00: fail to add MMCONFIG information, can't access extended PCI configuration space under this bridge.
[    0.662581] PCI host bridge to bus 0000:00
[    0.664125] pci_bus 0000:00: root bus resource [io  0x0000-0x0cf7 window]
[    0.666423] pci_bus 0000:00: root bus resource [io  0x0d00-0xffff window]
[    0.668493] pci_bus 0000:00: root bus resource [mem 0x000a0000-0x000bffff window]
[    0.671166] pci_bus 0000:00: root bus resource [mem 0x40000000-0xfdffffff window]
[    0.673594] pci_bus 0000:00: root bus resource [bus 00-ff]
[    0.678364] pci 0000:00:01.1: legacy IDE quirk: reg 0x10: [io  0x01f0-0x01f7]
[    0.680390] pci 0000:00:01.1: legacy IDE quirk: reg 0x14: [io  0x03f6]
[    0.682659] pci 0000:00:01.1: legacy IDE quirk: reg 0x18: [io  0x0170-0x0177]
[    0.684804] pci 0000:00:01.1: legacy IDE quirk: reg 0x1c: [io  0x0376]
[    0.723757] pci 0000:00:07.0: quirk: [io  0x4000-0x403f] claimed by PIIX4 ACPI
[    0.726219] pci 0000:00:07.0: quirk: [io  0x4100-0x410f] claimed by PIIX4 SMB
[    0.744684] ACPI: PCI Interrupt Link [LNKA] (IRQs 5 9 10 *11)
[    0.747435] ACPI: PCI Interrupt Link [LNKB] (IRQs 5 9 *10 11)
[    0.750011] ACPI: PCI Interrupt Link [LNKC] (IRQs 5 *9 10 11)
[    0.752780] ACPI: PCI Interrupt Link [LNKD] (IRQs 5 9 10 *11)
[    0.755085] ACPI: Enabled 2 GPEs in block 00 to 07
[    0.757106] vgaarb: setting as boot device: PCI:0000:00:02.0
[    0.759023] vgaarb: device added: PCI:0000:00:02.0,decodes=io+mem,owns=io+mem,locks=none
[    0.761708] vgaarb: loaded
[    0.762665] vgaarb: bridge control possible 0000:00:02.0
[    0.764610] SCSI subsystem initialized
[    0.765978] ACPI: bus type USB registered
[    0.767243] usbcore: registered new interface driver usbfs
[    0.768849] usbcore: registered new interface driver hub
[    0.770553] usbcore: registered new device driver usb
[    0.772637] PCI: Using ACPI for IRQ routing
[    0.776010] NetLabel: Initializing
[    0.777133] NetLabel:  domain hash size = 128
[    0.778488] NetLabel:  protocols = UNLABELED CIPSOv4
[    0.780035] NetLabel:  unlabeled traffic allowed by default
[    0.782138] amd_nb: Cannot enumerate AMD northbridges
[    0.783765] clocksource: Switched to clocksource kvm-clock
[    0.794516] AppArmor: AppArmor Filesystem Enabled
[    0.796222] pnp: PnP ACPI init
[    0.798811] pnp: PnP ACPI: found 3 devices
[    0.812105] clocksource: acpi_pm: mask: 0xffffff max_cycles: 0xffffff, max_idle_ns: 2085701024 ns
[    0.815371] NET: Registered protocol family 2
[    0.817059] TCP established hash table entries: 8192 (order: 4, 65536 bytes)
[    0.820284] TCP bind hash table entries: 8192 (order: 5, 131072 bytes)
[    0.822808] TCP: Hash tables configured (established 8192 bind 8192)
[    0.825317] UDP hash table entries: 512 (order: 2, 16384 bytes)
[    0.827571] UDP-Lite hash table entries: 512 (order: 2, 16384 bytes)
[    0.830120] NET: Registered protocol family 1
[    0.831724] pci 0000:00:00.0: Limiting direct PCI/PCI transfers
[    0.833601] pci 0000:00:01.0: Activating ISA DMA hang workarounds
[    0.835664] Unpacking initramfs...
[    1.108114] Freeing initrd memory: 14880K
[    1.110861] RAPL PMU detected, API unit is 2^-32 Joules, 4 fixed counters 10737418240 ms ovfl timer
[    1.114434] hw unit of domain pp0-core 2^-0 Joules
[    1.116003] hw unit of domain package 2^-0 Joules
[    1.118033] hw unit of domain dram 2^-0 Joules
[    1.119537] hw unit of domain pp1-gpu 2^-0 Joules
[    1.121882] clocksource: tsc: mask: 0xffffffffffffffff max_cycles: 0x171023f09ff, max_idle_ns: 440795233615 ns
[    1.125832] platform rtc_cmos: registered platform RTC device (no PNP device found)
[    1.128830] Scanning for low memory corruption every 60 seconds
[    1.132825] audit: initializing netlink subsys (disabled)
[    1.135146] audit: type=2000 audit(1585495089.098:1): initialized
[    1.138470] Initialise system trusted keyring
[    1.141843] HugeTLB registered 2 MB page size, pre-allocated 0 pages
[    1.148329] zbud: loaded
[    1.151001] VFS: Disk quotas dquot_6.6.0
[    1.154039] VFS: Dquot-cache hash table entries: 512 (order 0, 4096 bytes)
[    1.158403] squashfs: version 4.0 (2009/01/31) Phillip Lougher
[    1.162840] fuse init (API version 7.23)
[    1.166326] Key type big_key registered
[    1.169126] Allocating IMA MOK and blacklist keyrings.
[    1.177436] Key type asymmetric registered
[    1.180084] Asymmetric key parser 'x509' registered
[    1.183440] Block layer SCSI generic (bsg) driver version 0.4 loaded (major 249)
[    1.188814] io scheduler noop registered
[    1.191558] io scheduler deadline registered (default)
[    1.194850] io scheduler cfq registered
[    1.197623] pci_hotplug: PCI Hot Plug PCI Core version: 0.5
[    1.201281] pciehp: PCI Express Hot Plug Controller Driver version: 0.4
[    1.206753] ACPI: AC Adapter [AC] (off-line)
[    1.210807] input: Power Button as /devices/LNXSYSTM:00/LNXPWRBN:00/input/input0
[    1.215561] ACPI: Power Button [PWRF]
[    1.221945] input: Sleep Button as /devices/LNXSYSTM:00/LNXSLPBN:00/input/input1
[    1.228965] ACPI: Sleep Button [SLPF]
[    1.231963] GHES: HEST is not enabled!
[    1.232487] ACPI: Battery Slot [BAT0] (battery present)
[    1.235760] Serial: 8250/16550 driver, 32 ports, IRQ sharing enabled
[    1.258818] 00:02: ttyS0 at I/O 0x3f8 (irq = 4, base_baud = 115200) is a 16550A
[    1.266892] Linux agpgart interface v0.103
[    1.270848] loop: module loaded
[    1.272849] scsi host0: ata_piix
[    1.274086] scsi host1: ata_piix
[    1.275187] ata1: PATA max UDMA/33 cmd 0x1f0 ctl 0x3f6 bmdma 0xd000 irq 14
[    1.277196] ata2: PATA max UDMA/33 cmd 0x170 ctl 0x376 bmdma 0xd008 irq 15
[    1.279247] libphy: Fixed MDIO Bus: probed
[    1.281044] tun: Universal TUN/TAP device driver, 1.6
[    1.282924] tun: (C) 1999-2004 Max Krasnyansky <maxk@qualcomm.com>
[    1.285482] PPP generic driver version 2.4.2
[    1.287298] ehci_hcd: USB 2.0 'Enhanced' Host Controller (EHCI) Driver
[    1.289238] ehci-pci: EHCI PCI platform driver
[    1.290706] ehci-platform: EHCI generic platform driver
[    1.292633] ohci_hcd: USB 1.1 'Open' Host Controller (OHCI) Driver
[    1.294385] ohci-pci: OHCI PCI platform driver
[    1.295741] ohci-platform: OHCI generic platform driver
[    1.297362] uhci_hcd: USB Universal Host Controller Interface driver
[    1.299235] i8042: PNP: PS/2 Controller [PNP0303:PS2K,PNP0f03:PS2M] at 0x60,0x64 irq 1,12
[    1.302605] serio: i8042 KBD port at 0x60,0x64 irq 1
[    1.304345] serio: i8042 AUX port at 0x60,0x64 irq 12
[    1.306560] mousedev: PS/2 mouse device common for all mice
[    1.309198] input: AT Translated Set 2 keyboard as /devices/platform/i8042/serio0/input/input2
[    1.312778] rtc_cmos rtc_cmos: rtc core: registered rtc_cmos as rtc0
[    1.314664] rtc_cmos rtc_cmos: alarms up to one day, 114 bytes nvram
[    1.316589] i2c /dev entries driver
[    1.317803] device-mapper: uevent: version 1.0.3
[    1.319267] device-mapper: ioctl: 4.34.0-ioctl (2015-10-28) initialised: dm-devel@redhat.com
[    1.324115] ledtrig-cpu: registered to indicate activity on CPUs
[    1.327114] NET: Registered protocol family 10
[    1.329145] NET: Registered protocol family 17
[    1.330882] Key type dns_resolver registered
[    1.333118] registered taskstats version 1
[    1.334538] Loading compiled-in X.509 certificates
[    1.336786] Loaded X.509 cert 'Build time autogenerated kernel key: c2b7431ed9258328a3a0cf301f850647788d8e61'
[    1.340520] zswap: loaded using pool lzo/zbud
[    1.347272] Key type trusted registered
[    1.354756] Key type encrypted registered
[    1.356327] AppArmor: AppArmor sha1 policy hashing enabled
[    1.358203] ima: No TPM chip found, activating TPM-bypass!
[    1.360042] ima: Allocated hash algorithm: sha1
[    1.361806] evm: HMAC attrs: 0x1
[    1.363578]   Magic number: 12:24:337
[    1.364981] tty tty58: hash matches
[    1.366625] rtc_cmos rtc_cmos: setting system clock to 2020-03-29 15:18:00 UTC (1585495080)
[    1.370262] BIOS EDD facility v0.16 2004-Jun-25, 0 devices found
[    1.372335] EDD information not available.
[    1.473318] Freeing unused kernel memory: 1488K
[    1.474905] Write protecting the kernel read-only data: 14336k
[    1.477589] Freeing unused kernel memory: 1604K
[    1.479191] Freeing unused kernel memory: 64K
Loading, please wait...
starting version 229
[    1.498968] random: systemd-udevd: uninitialized urandom read (16 bytes read, 3 bits of entropy available)
[    1.500883] random: udevadm: uninitialized urandom read (16 bytes read, 3 bits of entropy available)
[    1.500909] random: udevadm: uninitialized urandom read (16 bytes read, 3 bits of entropy available)
[    1.510908] random: systemd-udevd: uninitialized urandom read (16 bytes read, 3 bits of entropy available)
[    1.513262] random: udevadm: uninitialized urandom read (16 bytes read, 3 bits of entropy available)
[    1.513315] random: udevadm: uninitialized urandom read (16 bytes read, 3 bits of entropy available)
[    1.513465] random: udevadm: uninitialized urandom read (16 bytes read, 3 bits of entropy available)
[    1.513525] random: udevadm: uninitialized urandom read (16 bytes read, 3 bits of entropy available)
[    1.513580] random: udevadm: uninitialized urandom read (16 bytes read, 3 bits of entropy available)
[    1.513636] random: udevadm: uninitialized urandom read (16 bytes read, 3 bits of entropy available)
[    1.575253] Fusion MPT base driver 3.04.20
[    1.576750] Copyright (c) 1999-2008 LSI Corporation
[    1.596302] e1000: Intel(R) PRO/1000 Network Driver - version 7.3.21-k8-NAPI
[    1.598981] e1000: Copyright (c) 1999-2006 Intel Corporation.
[    1.601519] AVX2 version of gcm_enc/dec engaged.
[    1.603406] AES CTR mode by8 optimization enabled
[    1.605641] Fusion MPT SPI Host driver 3.04.20
[    1.613314] mptbase: ioc0: Initiating bringup
[    1.680131] ioc0: LSI53C1030 A0: Capabilities={Initiator}
[    1.786157] input: ImExPS/2 Generic Explorer Mouse as /devices/platform/i8042/serio1/input/input4
[    1.851609] scsi host2: ioc0: LSI53C1030 A0, FwRev=00000000h, Ports=1, MaxQ=256, IRQ=20
[    1.964750] scsi 2:0:0:0: Direct-Access     VBOX     HARDDISK         1.0  PQ: 0 ANSI: 5
[    1.968567] scsi target2:0:0: Beginning Domain Validation
[    1.973664] scsi target2:0:0: Domain Validation skipping write tests
[    1.975488] scsi target2:0:0: Ending Domain Validation
[    1.977225] scsi target2:0:0: asynchronous
[    1.979530] scsi 2:0:1:0: Direct-Access     VBOX     HARDDISK         1.0  PQ: 0 ANSI: 5
[    1.993884] scsi target2:0:1: Beginning Domain Validation
[    1.998752] scsi target2:0:1: Domain Validation skipping write tests
[    2.001046] scsi target2:0:1: Ending Domain Validation
[    2.002899] scsi target2:0:1: asynchronous
[    2.024695] sd 2:0:0:0: Attached scsi generic sg0 type 0
[    2.027087] sd 2:0:0:0: [sda] 20971520 512-byte logical blocks: (10.7 GB/10.0 GiB)
[    2.030698] sd 2:0:1:0: Attached scsi generic sg1 type 0
[    2.031630] sd 2:0:1:0: [sdb] 20480 512-byte logical blocks: (10.5 MB/10.0 MiB)
[    2.031978] sd 2:0:1:0: [sdb] Write Protect is off
[    2.032174] sd 2:0:1:0: [sdb] Incomplete mode parameter data
[    2.032176] sd 2:0:1:0: [sdb] Assuming drive cache: write through
[    2.044141] sd 2:0:0:0: [sda] Write Protect is off
[    2.046504] sd 2:0:0:0: [sda] Incomplete mode parameter data
[    2.048881] sd 2:0:0:0: [sda] Assuming drive cache: write through
[    2.054752] sd 2:0:1:0: [sdb] Attached SCSI disk
[    2.056605]  sda: sda1
[    2.059266] sd 2:0:0:0: [sda] Attached SCSI disk
[    2.527717] e1000 0000:00:03.0 eth0: (PCI:33MHz:32-bit) 02:90:e9:96:cf:60
[    2.530101] e1000 0000:00:03.0 eth0: Intel(R) PRO/1000 Network Connection
[    3.527025] e1000 0000:00:08.0 eth1: (PCI:33MHz:32-bit) 08:00:27:9d:4a:71
[    3.529290] e1000 0000:00:08.0 eth1: Intel(R) PRO/1000 Network Connection
[    3.532747] e1000 0000:00:08.0 enp0s8: renamed from eth1
[    3.545207] e1000 0000:00:03.0 enp0s3: renamed from eth0
Begin: Loading essential drivers ... [    4.982293] md: linear personality registered for level -1
[    4.987664] md: multipath personality registered for level -4
[    4.993842] md: raid0 personality registered for level 0
[    5.001730] md: raid1 personality registered for level 1
[    5.076122] raid6: sse2x1   gen()  7508 MB/s
[    5.144225] raid6: sse2x1   xor()  5939 MB/s
[    5.212011] raid6: sse2x2   gen()  9510 MB/s
[    5.279930] raid6: sse2x2   xor()  6290 MB/s
[    5.349408] raid6: sse2x4   gen() 11098 MB/s
[    5.416546] raid6: sse2x4   xor()  7536 MB/s
[    5.484024] raid6: avx2x1   gen() 15052 MB/s
[    5.551870] raid6: avx2x2   gen() 17200 MB/s
[    5.620241] raid6: avx2x4   gen() 19222 MB/s
[    5.621960] raid6: using algorithm avx2x4 gen() 19222 MB/s
[    5.623707] raid6: using avx2x2 recovery algorithm
[    5.627358] xor: automatically using best checksumming function:
[    5.668320]    avx       : 22896.000 MB/sec
[    5.671360] async_tx: api initialized (async)
[    5.687028] md: raid6 personality registered for level 6
[    5.690951] md: raid5 personality registered for level 5
[    5.693133] md: raid4 personality registered for level 4
[    5.707513] md: raid10 personality registered for level 10
done.
Begin: Running /scripts/init-premount ... done.
Begin: Mounting root file system ... Begin: Running /scripts/local-top ... done.
Begin: Running /scripts/local-premount ... [    5.801916] Btrfs loaded
Scanning for Btrfs filesystems
done.
Warning: fsck not present, so skipping root file system
[    5.905710] EXT4-fs (sda1): mounted filesystem with ordered data mode. Opts: (null)
done.
Begin: Running /scripts/local-bottom ... done.
Begin: Running /scripts/init-bottom ... done.
[    6.353189] systemd[1]: systemd 229 running in system mode. (+PAM +AUDIT +SELINUX +IMA +APPARMOR +SMACK +SYSVINIT +UTMP +LIBCRYPTSETUP +GCRYPT +GNUTLS +ACL +XZ -LZ4 +SECCOMP +BLKID +ELFUTILS +KMOD -IDN)
[    6.359438] systemd[1]: Detected virtualization oracle.
[    6.361863] systemd[1]: Detected architecture x86-64.

Welcome to [1mUbuntu 16.04.6 LTS[0m!

[    6.379261] systemd[1]: Set hostname to <ubuntu>.
[    6.386734] systemd[1]: Initializing machine ID from random generator.
[    6.389159] systemd[1]: Installed transient /etc/machine-id file.
[    7.104772] systemd[1]: Reached target Swap.
[[0;32m  OK  [0m] Reached target Swap.
[    7.108369] systemd[1]: Reached target System Time Synchronized.
[[0;32m  OK  [0m] Reached target System Time Synchronized.
[    7.112342] systemd[1]: Started Trigger resolvconf update for networkd DNS.
[[0;32m  OK  [0m] Started Trigger resolvconf update for networkd DNS.
[    7.116338] systemd[1]: Listening on Device-mapper event daemon FIFOs.
[[0;32m  OK  [0m] Listening on Device-mapper event daemon FIFOs.
[    7.119972] systemd[1]: Listening on LVM2 metadata daemon socket.
[[0;32m  OK  [0m] Listening on LVM2 metadata daemon socket.
[    7.123622] systemd[1]: Listening on udev Control Socket.
[[0;32m  OK  [0m] Listening on udev Control Socket.
[    7.126811] systemd[1]: Listening on Syslog Socket.
[[0;32m  OK  [0m] Listening on Syslog Socket.
[    7.130072] systemd[1]: Created slice User and Session Slice.
[[0;32m  OK  [0m] Created slice User and Session Slice.
[    7.133687] systemd[1]: Listening on Journal Socket (/dev/log).
[[0;32m  OK  [0m] Listening on Journal Socket (/dev/log).
[    7.137056] systemd[1]: Listening on udev Kernel Socket.
[[0;32m  OK  [0m] Listening on udev Kernel Socket.
[    7.140339] systemd[1]: Listening on LVM2 poll daemon socket.
[[0;32m  OK  [0m] Listening on LVM2 poll daemon socket.
[    7.144300] systemd[1]: Created slice System Slice.
[[0;32m  OK  [0m] Created slice System Slice.
[    7.147415] systemd[1]: Reached target Slices.
[[0;32m  OK  [0m] Reached target Slices.
[    7.150109] systemd[1]: Reached target User and Group Name Lookups.
[[0;32m  OK  [0m] Reached target User and Group Name Lookups.
[    7.153827] systemd[1]: Created slice system-serial\x2dgetty.slice.
[[0;32m  OK  [0m] Created slice system-serial\x2dgetty.slice.
[    7.157463] systemd[1]: Set up automount Arbitrary Executable File Formats File System Automount Point.
[[0;32m  OK  [0m] Set up automount Arbitrary Executab...ats File System Automount Point.
[    7.162473] systemd[1]: Reached target Encrypted Volumes.
[[0;32m  OK  [0m] Reached target Encrypted Volumes.
[    7.165763] systemd[1]: Listening on Journal Audit Socket.
[[0;32m  OK  [0m] Listening on Journal Audit Socket.
[    7.169208] systemd[1]: Started Forward Password Requests to Wall Directory Watch.
[[0;32m  OK  [0m] Started Forward Password Requests to Wall Directory Watch.
[    7.173797] systemd[1]: Listening on Journal Socket.
[[0;32m  OK  [0m] Listening on Journal Socket.
[    7.192527] systemd[1]: Starting Load Kernel Modules...
         Starting Load Kernel Modules...
[    7.197461] systemd[1]: Starting Create list of required static device nodes for the current kernel...
         Starting Create list of required st... nodes for the current kernel...
[    7.204630] systemd[1]: Mounting POSIX Message Queue File System...
         Mounting POSIX Message Queue File System...
[    7.209385] systemd[1]: Starting Set console keymap...
         Starting Set console keymap...
[    7.215812] systemd[1]: Starting Remount Root and Kernel File Systems...
         Starting Remount Root and Kernel File Systems...
[    7.224486] Loading iSCSI transport class v2.0-870.
[    7.229486] EXT4-fs (sda1): re-mounted. Opts: (null)
[    7.240111] systemd[1]: Starting Uncomplicated firewall...
[    7.242886] iscsi: registered transport (tcp)
         Starting Uncomplicated firewall...
[    7.248055] systemd[1]: Starting Monitoring of LVM2 mirrors, snapshots etc. using dmeventd or progress polling...
         Starting Monitoring of LVM2 mirrors... dmeventd or progress polling...
[    7.260363] systemd[1]: Mounting Debug File System...
         Mounting Debug File System...
[    7.266318] systemd[1]: Starting Journal Service...
         Starting Journal Service...
[    7.273367] systemd[1]: Starting Nameserver information manager...
         Starting Nameserver information manager...
[    7.279895] systemd[1]: Mounting Huge Pages File System...
         Mounting Huge Pages File System...
[    7.291253] systemd[1]: Listening on /dev/initctl Compatibility Named Pipe.
[[0;32m  OK  [0m] Listening on /dev/initctl Compatibility Named Pipe.
[    7.301375] systemd[1]: Mounted POSIX Message Queue File System.
[[0;32m  OK  [0m] Mounted POSIX Message Queue File System.
[    7.306018] systemd[1]: Mounted Huge Pages File System.
[[0;32m  OK  [0m] Mounted Huge Pages File System.
[    7.312375] systemd[1]: Mounted Debug File System.
[[0;32m  OK  [0m] Mounted Debug File System.
[    7.316604] systemd[1]: Started Create list of required static device nodes for the current kernel.
[[0;32m  OK  [0m] Started Create list of required sta...ce nodes for the current kernel.
[    7.324875] systemd[1]: Started Remount Root and Kernel File Systems.
[[0;32m  OK  [0m] Started Remount Root and Kernel File Systems.
[    7.329957] systemd[1]: Started Uncomplicated firewall.
[[0;32m  OK  [0m] Started Uncomplicated firewall.
[    7.348820] systemd[1]: Started Set console keymap.
[[0;32m  OK  [0m] Started Set console keymap.
[    7.355501] systemd[1]: Started Journal Service.
[[0;32m  OK  [0m] Started Journal Service.
[[0;32m  OK  [0m] Started Nameserver information manager.
[    7.368963] iscsi: registered transport (iser)
[[0;32m  OK  [0m] Started LVM2 metadata daemon.
         Starting Load/Save Random Seed...
         Starting udev Coldplug all Devices...
         Starting Flush Journal to Persistent Storage...
         Starting Create Static Device Nodes in /dev...
[[0;32m  OK  [0m] Started Load Kernel Modules.
[[0;32m  OK  [0m] Started Load/Save Random Seed.
         Starting Apply Kernel Variables...
         Mounting FUSE Control File System...
[[0;32m  OK  [0m] Mounted FUSE Control File System.
[    7.429228] systemd-journald[390]: Received request to flush runtime journal from PID 1
[[0;32m  OK  [0m] Started Flush Journal to Persistent Storage.
[[0;32m  OK  [0m] Started Apply Kernel Variables.
[[0;32m  OK  [0m] Started Create Static Device Nodes in /dev.
         Starting udev Kernel Device Manager...
[[0;32m  OK  [0m] Started udev Coldplug all Devices.
[[0;32m  OK  [0m] Started Monitoring of LVM2 mirrors,...ng dmeventd or progress polling.
[[0;32m  OK  [0m] Reached target Local File Systems (Pre).
[[0;32m  OK  [0m] Reached target Local File Systems.
         Starting Initial cloud-init job (pre-networking)...
         Starting Set console font and keymap...
         Starting Create Volatile Files and Directories...
         Starting LSB: AppArmor initialization...
         Starting Tell Plymouth To Write Out Runtime Data...
         Starting Commit a transient machine-id on disk...
[[0;32m  OK  [0m] Started Create Volatile Files and Directories.
         Starting Update UTMP about System Boot/Shutdown...
[[0;32m  OK  [0m] Started Tell Plymouth To Write Out Runtime Data.
[[0;32m  OK  [0m] Started Commit a transient machine-id on disk.
[[0;32m  OK  [0m] Started Update UTMP about System Boot/Shutdown.
[[0;32m  OK  [0m] Started udev Kernel Device Manager.
[[0;32m  OK  [0m] Started Dispatch Password Requests to Console Directory Watch.
[[0;32m  OK  [0m] Found device /dev/ttyS0.
[[0;32m  OK  [0m] Listening on Load/Save RF Kill Switch Status /dev/rfkill Watch.
[[0;32m  OK  [0m] Started Set console font and keymap.
[[0;32m  OK  [0m] Started LSB: AppArmor initialization.
[[0;32m  OK  [0m] Created slice system-getty.slice.
[    9.555918] cloud-init[464]: Cloud-init v. 19.4-33-gbb4131a2-0ubuntu1~16.04.1 running 'init-local' at Sun, 29 Mar 2020 15:18:08 +0000. Up 9.15 seconds.
[[0;32m  OK  [0m] Started Initial cloud-init job (pre-networking).
[[0;32m  OK  [0m] Reached target Network (Pre).
         Starting Raise network interfaces...
[[0;32m  OK  [0m] Started Raise network interfaces.
[[0;32m  OK  [0m] Reached target Network.
         Starting Initial cloud-init job (metadata service crawler)...
[   11.276331] cloud-init[943]: Cloud-init v. 19.4-33-gbb4131a2-0ubuntu1~16.04.1 running 'init' at Sun, 29 Mar 2020 15:18:09 +0000. Up 10.41 seconds.
[   11.283631] cloud-init[943]: ci-info: ++++++++++++++++++++++++++++++++++++++Net device info+++++++++++++++++++++++++++++++++++++++
[   11.290015] cloud-init[943]: ci-info: +--------+-------+----------------------------+---------------+--------+-------------------+
[   11.295157] cloud-init[943]: ci-info: | Device |   Up  |          Address           |      Mask     | Scope  |     Hw-Address    |
[   11.301159] cloud-init[943]: ci-info: +--------+-------+----------------------------+---------------+--------+-------------------+
[   11.307078] cloud-init[943]: ci-info: | enp0s3 |  True |         10.0.2.15          | 255.255.255.0 | global | 02:90:e9:96:cf:60 |
[   11.311745] cloud-init[943]: ci-info: | enp0s3 |  True | fe80::90:e9ff:fe96:cf60/64 |       .       |  link  | 02:90:e9:96:cf:60 |
[   11.317270] cloud-init[943]: ci-info: | enp0s8 | False |             .              |       .       |   .    | 08:00:27:9d:4a:71 |
[   11.320887] cloud-init[943]: ci-info: |   lo   |  True |         127.0.0.1          |   255.0.0.0   |  host  |         .         |
[   11.325125] cloud-init[943]: ci-info: |   lo   |  True |          ::1/128           |       .       |  host  |         .         |
[   11.330619] cloud-init[943]: ci-info: +--------+-------+----------------------------+---------------+--------+-------------------+
[   11.341017] cloud-init[943]: ci-info: +++++++++++++++++++++++++++Route IPv4 info++++++++++++++++++++++++++++
[   11.344799] cloud-init[943]: ci-info: +-------+-------------+----------+---------------+-----------+-------+
[   11.353131] cloud-init[943]: ci-info: | Route | Destination | Gateway  |    Genmask    | Interface | Flags |
[   11.357075] cloud-init[943]: ci-info: +-------+-------------+----------+---------------+-----------+-------+
[   11.360507] cloud-init[943]: ci-info: |   0   |   0.0.0.0   | 10.0.2.2 |    0.0.0.0    |   enp0s3  |   UG  |
[   11.364223] cloud-init[943]: ci-info: |   1   |   10.0.2.0  | 0.0.0.0  | 255.255.255.0 |   enp0s3  |   U   |
[   11.372679] cloud-init[943]: ci-info: +-------+-------------+----------+---------------+-----------+-------+
[   11.376451] cloud-init[943]: ci-info: +++++++++++++++++++Route IPv6 info+++++++++++++++++++
[   11.379563] cloud-init[943]: ci-info: +-------+-------------+---------+-----------+-------+
[   11.382451] cloud-init[943]: ci-info: | Route | Destination | Gateway | Interface | Flags |
[   11.385597] cloud-init[943]: ci-info: +-------+-------------+---------+-----------+-------+
[   11.389071] cloud-init[943]: ci-info: |   0   |  fe80::/64  |    ::   |   enp0s3  |   U   |
[   11.391874] cloud-init[943]: ci-info: |   3   |   ff00::/8  |    ::   |   enp0s3  |   U   |
[   11.395044] cloud-init[943]: ci-info: +-------+-------------+---------+-----------+-------+
[   11.400840] cloud-init[943]: Generating public/private rsa key pair.
[   11.402920] cloud-init[943]: Your identification has been saved in /etc/ssh/ssh_host_rsa_key.
[   11.405753] cloud-init[943]: Your public key has been saved in /etc/ssh/ssh_host_rsa_key.pub.
[   11.408857] cloud-init[943]: The key fingerprint is:
[   11.410865] cloud-init[943]: SHA256:mW7D64GOymQyyBC/UdmOZw71jjJBg9xtAtOY1QiwQSc root@ubuntu-xenial
[   11.414285] cloud-init[943]: The key's randomart image is:
[   11.415919] cloud-init[943]: +---[RSA 2048]----+
[   11.418392] cloud-init[943]: |+E+B.o           |
[   11.422317] cloud-init[943]: | +==o+.          |
[   11.424022] cloud-init[943]: |o o B =          |
[   11.432860] cloud-init[943]: | o o B . o       |
[   11.435953] cloud-init[943]: |. o + + S        |
[   11.439324] cloud-init[943]: |+  o * *         |
[   11.441570] cloud-init[943]: |+.+ o + B        |
[   11.444160] cloud-init[943]: | *   = . +       |
[   11.453080] cloud-init[943]: |  o.. ..o        |
[[0;32m  OK  [0m] Started Initial cloud-init job (metadata service crawler).
[[0;32m  OK  [0m] Reached target System Initialization.
[[0;32m  OK  [0m] Started Daily Cleanup of Temporary Directories.
[[0;32m  OK  [0m] Started Message of the Day.
[   11.471186] cloud-init[943]: +----[SHA256]-----+
[   11.496651] cloud-init[943]: Generating public/private dsa key pair.
[   11.498559] cloud-init[943]: Your identification has been saved in /etc/ssh/ssh_host_dsa_key.
[[0;32m  OK  [0m] Listening on D-Bus System Message Bus Socket.
         Starting Socket activation for snappy daemon.
[   11.503717] cloud-init[943]: Your public key has been saved in /etc/ssh/ssh_host_dsa_key.pub.
[   11.516988]          Starting LXD - unix socket.
cloud-init[943]: The key fingerprint is:
[   11.519356] [cloud-init[0;32m  OK  [0m[943]: ] SHA256:M0/gFYOT+5e5m5uuYHyhpfTcxETqKwCbzIv3WfLK+hQ root@ubuntu-xenialListening on UUID daemon activation socket.

[[0;32m  OK  [0m] Listening on ACPID Listen Socket.
[   11.520509] cloud-init[943]: The key's randomart image is:
[   11.524019] cloud-init[943]: +---[DSA 1024]----+
[   11.525735] [cloud-init[0;32m  OK  [0m[943]: ] |         oo .    |Started ACPI Events Check.

[   11.532927] [cloud-init[0;32m  OK  [0m[943]: ] |        +  =     |Reached target Paths.

[[0;32m  OK  [0m] Started Daily apt download activities.
[[0;32m  OK  [0m] Started Daily apt upgrade and clean activities.
[   11.534183] cloud-init[943]: |    .   .oo .    |
[   11.552694] [cloud-init[0;32m  OK  [0m[943]: ] |   o + ..+ o     |Reached target Timers.

[[0;32m  OK  [0m] Reached target Network is Online.
[   11.554309] cloud-init[943]: |    = E S.= oo   |
[   11.567555] cloud-init[943]: |   . . = @.=+    |
[   11.576683] cloud-init[943]: |  . o o O *...   |
[   11.579428]          Starting iSCSI initiator daemon (iscsid)...
[[0;32m  OK  [0m] Reached target Cloud-config availability.
[[0;32m  OK  [0m] Listening on Socket activation for snappy daemon.
[[0;32m  OK  [0m] Listening on LXD - unix socket.
[[0;32m  OK  [0m] Reached target Sockets.
[[0;32m  OK  [0m] Reached target Basic System.
         Starting LSB: MD monitoring daemon...
[[0;32m  OK  [0m] Started FUSE filesystem for LXC.
cloud-init[943]: |   . + * +  .o   |
         Starting Pollinate to seed the pseudo random number generator...
         Starting LXD - container startup/shutdown...
[   11.599092] cloud-init[943]: |    .o*.. .o*o   |
[   11.601541] cloud-init[943]: +----[SHA256]-----+
[   11.605102] [cloud-init[0;32m  OK  [0m[943]: ] Generating public/private ecdsa key pair.Started Regular background program processing daemon.

[   11.605528] cloud-init[943]: Your identification has been saved in /etc/ssh/ssh_host_ecdsa_key.
         Starting /etc/rc.local Compatibility...
[   11.619907] cloud-init[943]: Your public key has been saved in /etc/ssh/ssh_host_ecdsa_key.pub.
[   11.637005] cloud-init[943]: The key fingerprint is:
[   11.639388] cloud-init[943]: SHA256:BKF4kEXURWMbhCgpyas5M+RB0LG+XWIbGHLeMykjzsg root@ubuntu-xenial
[   11.642211] [cloud-init[0;32m  OK  [0m[943]: ] The key's randomart image is:Started Deferred execution scheduler.

[   11.642535] cloud-init[943]: +---[ECDSA 256]---+
[   11.650231]          cloud-initStarting Accounts Service...[943]: 
|+ooB+oo*B        |
[   11.653872]          cloud-initStarting System Logging Service...[943]: 
|oo=+..oo +       |
[[0;32m  OK  [0m] Started D-Bus System Message Bus.
[   11.659158] cloud-init[943]: |o.*.o   o        |
[   11.676400] cloud-init[943]: | O = . .         |
[   11.688854] cloud-init[943]: |=.B O . S        |
[   11.697264] cloud-init[943]: |@o * B           |
[   11.699249] cloud-init[943]: |.E. o            |
[   11.703716] cloud-init[943]: |                 |
[   11.718678] cloud-init[943]: |                 |
[   11.724572] cloud-init[943]: +----[SHA256]-----+
[   11.726545] cloud-init[943]: Generating public/private ed25519 key pair.
[   11.733164] cloud-init[943]: Your identification has been saved in /etc/ssh/ssh_host_ed25519_key.
[   11.735465] cloud-init[943]: Your public key has been saved in /etc/ssh/ssh_host_ed25519_key.pub.
[   11.740040] cloud-init[943]: The key fingerprint is:
[   11.751457] cloud-init[943]: SHA256:krOU1aOudyzh/zCpKliQj6P8JgpuPnW9mz7PLdpwCYg root@ubuntu-xenial
[   11.764855] cloud-init[943]: The key's randomart image is:
[   11.766847] cloud-init[943]: +--[ED25519 256]--+
[   11.768337] cloud-init[943]: |                 |
[   11.776721] cloud-init[943]: |         .       |
         Starting Virtualbox guest utils...
[   11.791975]          Starting LSB: Record successful boot for GRUB...
cloud-init[943]: |   .    . o      |
[   11.802655]          cloud-initStarting Snappy daemon...[943]: 
|  o . .+ . .     |
[   11.806582]          cloud-initStarting Login Service...[943]: 
|   E .B.S        |
[[0;32m  OK  [0m] Started ACPI event daemon.
[[0;32m  OK  [0m] Started System Logging Service.
[   11.828721] cloud-init[943]: |  o.oo *o ..     |
[   11.845899] cloud-init[943]: |o..+. .oo=+      |
[   11.849052] [cloud-init[0;32m  OK  [0m[943]: ] |+=...  +Xo+o     |Started /etc/rc.local Compatibility.

[   11.849522] cloud-init[[0;32m  OK  [0m] Started iSCSI initiator daemon (iscsid).
[943]: |=o=. .+B*Boo.    |
[   11.885313] cloud-init[943]: +----[SHA256]-----+
         Starting Login to default iSCSI targets...
         Starting Authenticate and Authorize Users to Run Privileged Tasks...
[[0;32m  OK  [0m] Started Login Service.
[[0;32m  OK  [0m] Started Unattended Upgrades Shutdown.
[[0;32m  OK  [0m] Started LSB: Record successful boot for GRUB.
[[0;32m  OK  [0m] Started LSB: MD monitoring daemon.
[[0;32m  OK  [0m] Started Login to default iSCSI targets.
[[0;32m  OK  [0m] Started Authenticate and Authorize Users to Run Privileged Tasks.
[[0;32m  OK  [0m] Reached target Remote File Systems (Pre).
[[0;32m  OK  [0m] Reached target Remote File Systems.
         Starting LSB: automatic crash report generation...
         Starting LSB: Set the CPU Frequency Scaling governor to "ondemand"...
         Starting LSB: daemon to balance interrupts for SMP systems...
         Starting Permit User Sessions...
[[0;32m  OK  [0m] Started Accounts Service.
[[0;32m  OK  [0m] Started LXD - container startup/shutdown.
[[0;32m  OK  [0m] Started Permit User Sessions.
         Starting Terminate Plymouth Boot Screen...
         Starting Hold until boot process finishes up...
[[0;32m  OK  [0m] Started LSB: Set the CPU Frequency Scaling governor to "ondemand".
[[0;32m  OK  [0m] Started Hold until boot process finishes up.
[[0;32m  OK  [0m] Started Terminate Plymouth Boot Screen.
[[0;32m  OK  [0m] Started Getty on tty1.
         Starting Set console scheme...
[[0;32m  OK  [0m] Started Serial Getty on ttyS0.
[[0;32m  OK  [0m] Reached target Login Prompts.
[[0;32m  OK  [0m] Started Pollinate to seed the pseudo random number generator.
[[0;32m  OK  [0m] Started LSB: daemon to balance interrupts for SMP systems.
[[0;32m  OK  [0m] Started Set console scheme.
         Starting OpenBSD Secure Shell server...
[[0;32m  OK  [0m] Started Virtualbox guest utils.
[[0;32m  OK  [0m] Started LSB: automatic crash report generation.
[[0;32m  OK  [0m] Started OpenBSD Secure Shell server.
[[0;32m  OK  [0m] Started Snappy daemon.
         Starting Wait until snapd is fully seeded...
[[0;32m  OK  [0m] Started Wait until snapd is fully seeded.
[[0;32m  OK  [0m] Reached target Multi-User System.
[[0;32m  OK  [0m] Reached target Graphical Interface.
         Starting Update UTMP about System Runlevel Changes...
         Starting Apply the settings specified in cloud-config...
[[0;32m  OK  [0m] Started Update UTMP about System Runlevel Changes.
[   15.173525] cloud-init[1313]: Generating locales (this might take a while)...
[[0;32m  OK  [0m] Created slice User Slice of vagrant.
         Starting User Manager for UID 1000...
[[0;32m  OK  [0m] Started Session 1 of user vagrant.
[   16.277935] cloud-init[1313]:   en_US.UTF-8... done
[   16.280217] cloud-init[1313]: Generation complete.
[[0;32m  OK  [0m] Started User Manager for UID 1000.
[   17.271034] cloud-init[1313]: Cloud-init v. 19.4-33-gbb4131a2-0ubuntu1~16.04.1 running 'modules:config' at Sun, 29 Mar 2020 15:18:14 +0000. Up 15.03 seconds.
ci-info: no authorized SSH keys fingerprints found for user ubuntu.
<14>Mar 29 15:18:17 ec2: 
<14>Mar 29 15:18:17 ec2: #############################################################
<14>Mar 29 15:18:17 ec2: -----BEGIN SSH HOST KEY FINGERPRINTS-----
<14>Mar 29 15:18:17 ec2: 1024 SHA256:M0/gFYOT+5e5m5uuYHyhpfTcxETqKwCbzIv3WfLK+hQ root@ubuntu-xenial (DSA)
<14>Mar 29 15:18:17 ec2: 256 SHA256:BKF4kEXURWMbhCgpyas5M+RB0LG+XWIbGHLeMykjzsg root@ubuntu-xenial (ECDSA)
<14>Mar 29 15:18:17 ec2: 256 SHA256:krOU1aOudyzh/zCpKliQj6P8JgpuPnW9mz7PLdpwCYg root@ubuntu-xenial (ED25519)
<14>Mar 29 15:18:17 ec2: 2048 SHA256:mW7D64GOymQyyBC/UdmOZw71jjJBg9xtAtOY1QiwQSc root@ubuntu-xenial (RSA)
<14>Mar 29 15:18:17 ec2: -----END SSH HOST KEY FINGERPRINTS-----
<14>Mar 29 15:18:17 ec2: #############################################################
-----BEGIN SSH HOST KEY KEYS-----
ecdsa-sha2-nistp256 AAAAE2VjZHNhLXNoYTItbmlzdHAyNTYAAAAIbmlzdHAyNTYAAABBBDaVYjODKwdrYawaBMWX3wmF7i6rqTRENa2anNlFRnIrsYRER9wXlLZU/ZO/b285O6sFAwHoiz6Z9CGYcJowWkY= root@ubuntu-xenial
ssh-ed25519 AAAAC3NzaC1lZDI1NTE5AAAAIGny25Ep5NX4CE/TRYanqJHT+ZtMgk0kaYjbCMBgcWy5 root@ubuntu-xenial
ssh-rsa AAAAB3NzaC1yc2EAAAADAQABAAABAQCamfmoB1m7zLLU1T0mAv4vVanI9AUKTjenN8rrdUxyDMAIwhDHs2iu6grXK3h++EaaDEjDxGe2LY/gcwBUziLzbMj8rfcy6yA9Kw4jn5dw/xnWH+fDVonjQT+eESjJ54lgSlNi7gIyB2CzIzMKFV/7WVwo/S2REto+Sb+0Qf1JN60MqZkz52TFjexcZJ4TbNwNbP30LAZyyHNW2//NetiVKZiGJD/rOhtcgU5LSAuPdDCOKylM0BmTpSsfC6hY1Q9MG50S/LoKHIFqXA6DiGQchdskFhKTJfcAiRxJPrTFxTajw47rYM3n2nr9D49kCfODCdgSKUPRQhaQbVOUi6y3 root@ubuntu-xenial
-----END SSH HOST KEY KEYS-----
[   18.179715] cloud-init[1427]: Cloud-init v. 19.4-33-gbb4131a2-0ubuntu1~16.04.1 running 'modules:final' at Sun, 29 Mar 2020 15:18:17 +0000. Up 17.88 seconds.
[   18.184270] cloud-init[1427]: ci-info: no authorized SSH keys fingerprints found for user ubuntu.
[   18.184699] cloud-init[1427]: Cloud-init v. 19.4-33-gbb4131a2-0ubuntu1~16.04.1 finished at Sun, 29 Mar 2020 15:18:17 +0000. Datasource DataSourceNoCloud [seed=/dev/sdb][dsmode=net].  Up 18.17 seconds

Ubuntu 16.04.6 LTS ubuntu-xenial ttyS0

ubuntu-xenial login:          Stopping Session c1 of user jenkins.
[[0;32m  OK  [0m] Stopped target Cloud-init target.
[[0;32m  OK  [0m] Stopped target Timers.
[[0;32m  OK  [0m] Stopped Daily Cleanup of Temporary Directories.
[[0;32m  OK  [0m] Stopped Message of the Day.
[[0;32m  OK  [0m] Closed Load/Save RF Kill Switch Status /dev/rfkill Watch.
[[0;32m  OK  [0m] Stopped Daily apt upgrade and clean activities.
[[0;32m  OK  [0m] Stopped Daily apt download activities.
[[0;32m  OK  [0m] Stopped target System Time Synchronized.
         Stopping User Manager for UID 112...
[[0;32m  OK  [0m] Stopped Execute cloud user/final scripts.
         Stopping Authenticate and Authorize Users to Run Privileged Tasks...
         Stopping ACPI event daemon...
         Stopping User Manager for UID 1000...
         Stopping Session 3 of user vagrant.
[[0;32m  OK  [0m] Stopped target Graphical Interface.
[[0;32m  OK  [0m] Stopped target Multi-User System.
         Stopping LSB: automatic crash report generation...
         Stopping Deferred execution scheduler...
         Stopping OpenBSD Secure Shell server...
         Stopping Virtualbox guest utils...
[[0;32m  OK  [0m] Stopped target Login Prompts.
         Stopping Getty on tty1...
         Stopping Serial Getty on ttyS0...
         Stopping Regular background program processing daemon...
         Stopping LSB: MD monitoring daemon...
         Stopping LSB: Set the CPU Frequency Scaling governor to "ondemand"...
         Stopping System Logging Service...
         Stopping LSB: Record successful boot for GRUB...
         Stopping Unattended Upgrades Shutdown...
         Stopping FUSE filesystem for LXC...
         Stopping LSB: daemon to balance interrupts for SMP systems...
         Stopping LXD - container startup/shutdown...
         Stopping LSB: Start Jenkins at boot time...
         Stopping D-Bus System Message Bus...
[[0;32m  OK  [0m] Stopped Apply the settings specified in cloud-config.
[[0;32m  OK  [0m] Stopped target Cloud-config availability.
[[0;32m  OK  [0m] Stopped Wait until snapd is fully seeded.
         Stopping Accounts Service...
[[0;32m  OK  [0m] Unmounted /var/lib/lxcfs.
[[0;32m  OK  [0m] Stopped Regular background program processing daemon.
[[0;32m  OK  [0m] Stopped Deferred execution scheduler.
[[0;32m  OK  [0m] Stopped Accounts Service.
[[0;32m  OK  [0m] Stopped System Logging Service.
[[0;32m  OK  [0m] Stopped ACPI event daemon.
[[0;32m  OK  [0m] Stopped Authenticate and Authorize Users to Run Privileged Tasks.
[[0;32m  OK  [0m] Stopped Unattended Upgrades Shutdown.
[[0;32m  OK  [0m] Stopped Getty on tty1.
[[0;32m  OK  [0m] Stopped Serial Getty on ttyS0.
[[0;32m  OK  [0m] Stopped OpenBSD Secure Shell server.
[[0;32m  OK  [0m] Stopped User Manager for UID 112.
[[0;32m  OK  [0m] Stopped Session c1 of user jenkins.
[[0;32m  OK  [0m] Stopped User Manager for UID 1000.
[[0;32m  OK  [0m] Stopped Session 3 of user vagrant.
[[0;32m  OK  [0m] Stopped D-Bus System Message Bus.
[[0;32m  OK  [0m] Stopped FUSE filesystem for LXC.
[[0;32m  OK  [0m] Stopped LXD - container startup/shutdown.
[[0;32m  OK  [0m] Removed slice User Slice of vagrant.
[[0;32m  OK  [0m] Removed slice User Slice of jenkins.
[[0;32m  OK  [0m] Removed slice system-serial\x2dgetty.slice.
         Stopping Permit User Sessions...
[[0;32m  OK  [0m] Stopped /etc/rc.local Compatibility.
[[0;32m  OK  [0m] Removed slice system-getty.slice.
         Stopping Login Service...
[[0;32m  OK  [0m] Stopped LSB: automatic crash report generation.
[[0;32m  OK  [0m] Stopped LSB: MD monitoring daemon.
[[0;32m  OK  [0m] Stopped LSB: Set the CPU Frequency Scaling governor to "ondemand".
[[0;32m  OK  [0m] Stopped LSB: Record successful boot for GRUB.
[[0;32m  OK  [0m] Stopped LSB: daemon to balance interrupts for SMP systems.
[[0;32m  OK  [0m] Stopped Permit User Sessions.
[[0;32m  OK  [0m] Stopped Virtualbox guest utils.
[[0;32m  OK  [0m] Stopped LSB: Start Jenkins at boot time.
[[0;32m  OK  [0m] Stopped target Remote File Systems.
[[0;32m  OK  [0m] Stopped target Remote File Systems (Pre).
         Stopping Login to default iSCSI targets...
[[0;32m  OK  [0m] Stopped Login Service.
[[0;32m  OK  [0m] Stopped target User and Group Name Lookups.
[[0;32m  OK  [0m] Stopped target Basic System.
[[0;32m  OK  [0m] Stopped target Sockets.
[[0;32m  OK  [0m] Closed Socket activation for snappy daemon.
[[0;32m  OK  [0m] Closed UUID daemon activation socket.
[[0;32m  OK  [0m] Closed Syslog Socket.
[[0;32m  OK  [0m] Closed D-Bus System Message Bus Socket.
[[0;32m  OK  [0m] Closed LXD - unix socket.
[[0;32m  OK  [0m] Closed ACPID Listen Socket.
[[0;32m  OK  [0m] Stopped target Paths.
[[0;32m  OK  [0m] Stopped ACPI Events Check.
[[0;32m  OK  [0m] Stopped target System Initialization.
[[0;32m  OK  [0m] Stopped target Swap.
         Stopping Load/Save Random Seed...
[[0;32m  OK  [0m] Stopped Commit a transient machine-id on disk.
[[0;32m  OK  [0m] Stopped target Encrypted Volumes.
         Stopping Update UTMP about System Boot/Shutdown...
[[0;32m  OK  [0m] Stopped Dispatch Password Requests to Console Directory Watch.
[[0;32m  OK  [0m] Stopped Forward Password Requests to Wall Directory Watch.
[[0;32m  OK  [0m] Stopped target Slices.
[[0;32m  OK  [0m] Removed slice User and Session Slice.
[[0;32m  OK  [0m] Stopped Load/Save Random Seed.
[[0;32m  OK  [0m] Stopped Update UTMP about System Boot/Shutdown.
[[0;32m  OK  [0m] Stopped Create Volatile Files and Directories.
[[0;32m  OK  [0m] Stopped Login to default iSCSI targets.
         Stopping iSCSI initiator daemon (iscsid)...
[[0;32m  OK  [0m] Stopped iSCSI initiator daemon (iscsid).
[[0;32m  OK  [0m] Stopped target Network is Online.
[[0;32m  OK  [0m] Stopped Initial cloud-init job (metadata service crawler).
[[0;32m  OK  [0m] Stopped target Network.
         Stopping Raise network interfaces...
[[0;32m  OK  [0m] Stopped Raise network interfaces.
[[0;32m  OK  [0m] Stopped target Network (Pre).
[[0;32m  OK  [0m] Stopped Initial cloud-init job (pre-networking).
[[0;32m  OK  [0m] Stopped target Local File Systems.
         Unmounting /run/user/112...
         Unmounting /run/user/1000...
         Unmounting /vagrant...
[[0;32m  OK  [0m] Stopped Apply Kernel Variables.
[[0;32m  OK  [0m] Stopped Load Kernel Modules.
[[0;32m  OK  [0m] Unmounted /run/user/112.
[[0;32m  OK  [0m] Unmounted /run/user/1000.
[[0;32m  OK  [0m] Unmounted /vagrant.
[[0;32m  OK  [0m] Reached target Unmount All Filesystems.
[[0;32m  OK  [0m] Stopped target Local File Systems (Pre).
[[0;32m  OK  [0m] Stopped Create Static Device Nodes in /dev.
[[0;32m  OK  [0m] Stopped Remount Root and Kernel File Systems.
[[0;32m  OK  [0m] Reached target Shutdown.
[  992.343199] reboot: Power down
